<?xml version="1.0" encoding="UTF-8" ?>
<testsuite tests="8" failures="4" name="TestSuite" time="226.572" errors="0" skipped="0">
  <properties>
[...]
</properties>
  <testcase classname="com.Test.loginValidation" name="loginWithValideDetail" time="21.318"/>
  <testcase classname="com.Test.loginValidation" name="loginWithWrongDetail" time="23.927">
    <failure message="expected [Access Denied / User Login | tool - belt] but found [tool - belt]" type="java.lang.AssertionError">java.lang.AssertionError: expected [Access Denied / User Login | tool - belt] but found [tool - belt]
	at org.testng.Assert.fail(Assert.java:94)
	at org.testng.Assert.failNotEquals(Assert.java:494)
	at org.testng.Assert.assertEquals(Assert.java:123)
	at org.testng.Assert.assertEquals(Assert.java:176)
	at org.testng.Assert.assertEquals(Assert.java:186)
	at com.Test.loginValidation.loginWithWrongDetail(loginValidation.java:38)
</failure>
  </testcase>
  <testcase classname="com.Test.loginValidation" name="requestForNewPasswrod" time="2.076"/>
  <testcase classname="com.Test.loginValidation" name="searchAssetByType" time="19.343"/>
  <testcase classname="com.Test.searchValidation" name="searchassetbyflag" time="25.315">
    <failure type="java.lang.NullPointerException">java.lang.NullPointerException
	at com.Test.searchValidation.searchassetbyflag(searchValidation.java:40)
</failure>
  </testcase>
  <testcase classname="com.Test.searchValidation" name="searchassetbykeyword" time="21.411">
    <failure type="java.lang.NullPointerException">java.lang.NullPointerException
	at com.Test.searchValidation.searchassetbykeyword(searchValidation.java:50)
</failure>
  </testcase>
  <testcase classname="com.Test.searchValidation" name="searchassetbystatus" time="22.312">
    <failure type="java.lang.NullPointerException">java.lang.NullPointerException
	at com.Test.searchValidation.searchassetbystatus(searchValidation.java:59)
</failure>
  </testcase>
  <testcase classname="com.Test.searchValidation" name="searchassetbytype" time="12.807"/>
</testsuite>