<?xml version="1.0" encoding="UTF-8"?>
<!-- Generated by org.testng.reporters.JUnitXMLReporter -->
<testsuite hostname="JEC502025169XL7" name="Test" tests="4" failures="1" timestamp="26 Nov 2016 23:54:11 GMT" time="60.538" errors="0">
  <testcase name="loginWithValideDetail" time="13.907" classname="com.Test.loginValidation"/>
  <testcase name="loginWithWrongDetail" time="5.949" classname="com.Test.loginValidation">
    <failure type="java.lang.AssertionError" message="expected [Access Denied / User Login | tool - belt] but found [tool - belt | content administration]">
      <![CDATA[java.lang.AssertionError: expected [Access Denied / User Login | tool - belt] but found [tool - belt | content administration]
	at com.Test.loginValidation.loginWithWrongDetail(loginValidation.java:35)
... Removed 29 stack frames]]>
    </failure>
  </testcase> <!-- loginWithWrongDetail -->
  <testcase name="requestForNewPasswrod" time="0.336" classname="com.Test.loginValidation"/>
  <testcase name="searchAssetByType" time="14.129" classname="com.Test.loginValidation"/>
</testsuite> <!-- Test -->
